#
# A fatal error has been detected by the Java Runtime Environment:
#
#  SIGSEGV (0xb) at pc=0x00007f5ef4e524ba, pid=4901, tid=140044894734080
#
# JRE version: OpenJDK Runtime Environment (7.0_65-b32) (build 1.7.0_65-b32)
# Java VM: OpenJDK 64-Bit Server VM (24.65-b04 mixed mode linux-amd64 compressed oops)
# Derivative: IcedTea 2.5.2
# Distribution: Ubuntu 14.04 LTS, package 7u65-2.5.2-3~14.04
# Problematic frame:
# v  ~BufferBlob::jni_fast_GetLongField
#
# Failed to write core dump. Core dumps have been disabled. To enable core dumping, try "ulimit -c unlimited" before starting Java again
#
# If you would like to submit a bug report, please include
# instructions on how to reproduce the bug and visit:
#   http://icedtea.classpath.org/bugzilla
# The crash happened outside the Java Virtual Machine in native code.
# See problematic frame for where to report the bug.
#

---------------  T H R E A D  ---------------

Current thread (0x00007f5ef81ea000):  JavaThread "AWT-XAWT" daemon [_thread_in_native, id=4916, stack(0x00007f5ebe240000,0x00007f5ebe341000)]

siginfo:si_signo=SIGSEGV: si_errno=0, si_code=1 (SEGV_MAPERR), si_addr=0x0000000000000000

Registers:
RAX=0x00007f5efe59e060, RBX=0x00007f5ef81ea1d8, RCX=0x00007f5efea15320, RDX=0x0000000000000042
RSP=0x00007f5ebe33f7f8, RBP=0x00007f5ebe33f820, RSI=0x0000000000000000, RDI=0x00007f5ef81ea1d8
R8 =0x0000000000000003, R9 =0x0000000000000000, R10=0x0000000000000004, R11=0x00007f5efe03ebe0
R12=0x00007f5ea800d0e0, R13=0x0000000000000000, R14=0x00007f5ee7cc3d80, R15=0x00007f5ef81ea000
RIP=0x00007f5ef4e524ba, EFLAGS=0x0000000000010246, CSGSFS=0x0000000000000033, ERR=0x0000000000000004
  TRAPNO=0x000000000000000e

Top of Stack: (sp=0x00007f5ebe33f7f8)
0x00007f5ebe33f7f8:   00007f5ee7a956f4 00000000b9a02a00
0x00007f5ebe33f808:   00007f5ea800d0e0 00000000b9a02a00
0x00007f5ebe33f818:   00007f5ebe33f908 0000000000000000
0x00007f5ebe33f828:   00007f5ee7593ae8 00000000b9a02a00
0x00007f5ebe33f838:   00007f5ebe33f860 0000000000000000
0x00007f5ebe33f848:   00007f5ee758b9a3 00000000b9a02a00
0x00007f5ebe33f858:   00007f5ee7a8a20f 00007f5ebe33f8d0
0x00007f5ebe33f868:   00007f5ef4e09d98 00000000b992c518
0x00007f5ebe33f878:   0000000000000000 00007f5ebe33f8a0
0x00007f5ebe33f888:   00007f5ebe33f8f0 00007f5ebe33f890
0x00007f5ebe33f898:   0000000000000000 00007f5ebe33f908
0x00007f5ebe33f8a8:   00000000b9a08b88 0000000000000000
0x00007f5ebe33f8b8:   00000000b9a02a00 0000000000000000
0x00007f5ebe33f8c8:   00007f5ebe33f8f0 00007f5ebe33f950
0x00007f5ebe33f8d8:   00007f5ef4dfd350 00000000c3c3ad88
0x00007f5ebe33f8e8:   00007f5ef4e05cc0 0000000000000000
0x00007f5ebe33f8f8:   00007f5ebe33f950 00007f5eac002dc0
0x00007f5ebe33f908:   00000000c3c00248 00007f5ebe33f910
0x00007f5ebe33f918:   00000000b9b4d78c 00007f5ebe33f998
0x00007f5ebe33f928:   00000000b9b5a5d0 00000000b9f936a0
0x00007f5ebe33f938:   00000000b9b4d920 00007f5ebe33f8f0
0x00007f5ebe33f948:   00007f5ebe33f990 00007f5ebe33f9e0
0x00007f5ebe33f958:   00007f5ef4dfd058 0000000000000000
0x00007f5ebe33f968:   00000000ec196388 0000000000000000
0x00007f5ebe33f978:   0000000000000000 0000000000000000
0x00007f5ebe33f988:   00000000c3c00248 0000000000000000
0x00007f5ebe33f998:   00000000c3c001e8 00007f5ebe33f9a0
0x00007f5ebe33f9a8:   00000000b9b4d585 00007f5ebe33f9f0
0x00007f5ebe33f9b8:   00000000b9b5a5d0 0000000000000000
0x00007f5ebe33f9c8:   00000000b9b4d5a0 00007f5ebe33f990
0x00007f5ebe33f9d8:   00007f5ebe33f9f0 00007f5ebe33fa38
0x00007f5ebe33f9e8:   00007f5ef4dfd706 00000000c3c001e8 

Instructions: (pc=0x00007f5ef4e524ba)
0x00007f5ef4e5249a:   00 00 00 00 00 00 44 8b 15 3d 63 77 09 4c 8b ce
0x00007f5ef4e524aa:   41 f6 c2 01 0f 85 2e 00 00 00 4d 33 ca 4d 33 ca
0x00007f5ef4e524ba:   4d 8b 09 4c 8b da 49 c1 eb 02 4b 8b 04 19 49 bb
0x00007f5ef4e524ca:   e4 87 5c fe 5e 7f 00 00 4c 33 d8 4c 33 d8 45 3b 

Register to memory mapping:

RAX=0x00007f5efe59e060: <offset 0xdbb060> in /usr/lib/jvm/java-7-openjdk-amd64/jre/lib/amd64/server/libjvm.so at 0x00007f5efd7e3000
RBX=0x00007f5ef81ea1d8 is an unknown value
RCX=0x00007f5efea15320: <offset 0x219320> in /lib/x86_64-linux-gnu/libpthread.so.0 at 0x00007f5efe7fc000
RDX=0x0000000000000042 is an unknown value
RSP=0x00007f5ebe33f7f8 is pointing into the stack for thread: 0x00007f5ef81ea000
RBP=0x00007f5ebe33f820 is pointing into the stack for thread: 0x00007f5ef81ea000
RSI=0x0000000000000000 is an unknown value
RDI=0x00007f5ef81ea1d8 is an unknown value
R8 =0x0000000000000003 is an unknown value
R9 =0x0000000000000000 is an unknown value
R10=0x0000000000000004 is an unknown value
R11=0x00007f5efe03ebe0: <offset 0x85bbe0> in /usr/lib/jvm/java-7-openjdk-amd64/jre/lib/amd64/server/libjvm.so at 0x00007f5efd7e3000
R12=0x00007f5ea800d0e0 is an unknown value
R13=0x0000000000000000 is an unknown value
R14=0x00007f5ee7cc3d80: <offset 0x24ad80> in /usr/lib/jvm/java-7-openjdk-amd64/jre/lib/amd64/xawt/libmawt.so at 0x00007f5ee7a79000
R15=0x00007f5ef81ea000 is a thread


Stack: [0x00007f5ebe240000,0x00007f5ebe341000],  sp=0x00007f5ebe33f7f8,  free space=1021k
Native frames: (J=compiled Java code, j=interpreted, Vv=VM code, C=native code)
v  ~BufferBlob::jni_fast_GetLongField

Java frames: (J=compiled Java code, j=interpreted, Vv=VM code)
j  sun.awt.X11.XlibWrapper.XFilterEvent(JJ)Z+0
j  sun.awt.X11.XToolkit.run(Z)V+300
j  sun.awt.X11.XToolkit.run()V+5
j  java.lang.Thread.run()V+11
v  ~StubRoutines::call_stub

---------------  P R O C E S S  ---------------

Java Threads: ( => current thread )
  0x00007f5e9c01f000 JavaThread "AWT-EventQueue-1" [_thread_blocked, id=4922, stack(0x00007f5ebd8d5000,0x00007f5ebd9d6000)]
  0x00007f5ef800a000 JavaThread "DestroyJavaVM" [_thread_blocked, id=4902, stack(0x00007f5eff2f0000,0x00007f5eff3f1000)]
  0x00007f5ef8204800 JavaThread "AWT-EventQueue-0" [_thread_blocked, id=4920, stack(0x00007f5ebdf3d000,0x00007f5ebe03e000)]
  0x00007f5ef8200800 JavaThread "AWT-Shutdown" [_thread_blocked, id=4919, stack(0x00007f5ebe03e000,0x00007f5ebe13f000)]
  0x00007f5ef81fa000 JavaThread "thread applet-appletnetc" [_thread_blocked, id=4918, stack(0x00007f5ebe13f000,0x00007f5ebe240000)]
=>0x00007f5ef81ea000 JavaThread "AWT-XAWT" daemon [_thread_in_native, id=4916, stack(0x00007f5ebe240000,0x00007f5ebe341000)]
  0x00007f5ef81c9800 JavaThread "Java2D Disposer" daemon [_thread_blocked, id=4915, stack(0x00007f5ebe751000,0x00007f5ebe852000)]
  0x00007f5ef80a6000 JavaThread "Service Thread" daemon [_thread_blocked, id=4913, stack(0x00007f5eec115000,0x00007f5eec216000)]
  0x00007f5ef80a3800 JavaThread "C2 CompilerThread1" daemon [_thread_blocked, id=4912, stack(0x00007f5eec216000,0x00007f5eec317000)]
  0x00007f5ef80a0800 JavaThread "C2 CompilerThread0" daemon [_thread_blocked, id=4911, stack(0x00007f5eec317000,0x00007f5eec418000)]
  0x00007f5ef809e800 JavaThread "Signal Dispatcher" daemon [_thread_in_native, id=4910, stack(0x00007f5eec418000,0x00007f5eec519000)]
  0x00007f5ef807c000 JavaThread "Finalizer" daemon [_thread_blocked, id=4909, stack(0x00007f5eecbfb000,0x00007f5eeccfc000)]
  0x00007f5ef807a000 JavaThread "Reference Handler" daemon [_thread_blocked, id=4908, stack(0x00007f5eeccfc000,0x00007f5eecdfd000)]

Other Threads:
  0x00007f5ef8075800 VMThread [stack: 0x00007f5eecdfd000,0x00007f5eecefe000] [id=4907]
  0x00007f5ef80b0800 WatcherThread [stack: 0x00007f5eec014000,0x00007f5eec115000] [id=4914]

VM state:not at safepoint (normal execution)

VM Mutex/Monitor currently owned by a thread: None

Heap
 PSYoungGen      total 3584K, used 1151K [0x00000000ebe80000, 0x00000000ec580000, 0x0000000100000000)
  eden space 3072K, 21% used [0x00000000ebe80000,0x00000000ebf23728,0x00000000ec180000)
  from space 512K, 97% used [0x00000000ec180000,0x00000000ec1fc820,0x00000000ec200000)
  to   space 512K, 0% used [0x00000000ec500000,0x00000000ec500000,0x00000000ec580000)
 ParOldGen       total 5632K, used 726K [0x00000000c3c00000, 0x00000000c4180000, 0x00000000ebe80000)
  object space 5632K, 12% used [0x00000000c3c00000,0x00000000c3cb59a0,0x00000000c4180000)
 PSPermGen       total 21504K, used 9808K [0x00000000b9600000, 0x00000000bab00000, 0x00000000c3c00000)
  object space 21504K, 45% used [0x00000000b9600000,0x00000000b9f94038,0x00000000bab00000)

Card table byte_map: [0x00007f5ef4bc1000,0x00007f5ef4df7000] byte_map_base: 0x00007f5ef45f6000

Polling page: 0x00007f5eff411000

Code Cache  [0x00007f5ef4df7000, 0x00007f5ef5067000, 0x00007f5ef7df7000)
 total_blobs=451 nmethods=33 adapters=372 free_code_cache=48595Kb largest_free_block=49743488

Compilation events (10 events):
Event: 647.140 Thread 0x00007f5ef80a3800   30             java.util.concurrent.locks.AbstractQueuedSynchronizer::compareAndSetState (13 bytes)
Event: 647.141 Thread 0x00007f5ef80a3800 nmethod 30 0x00007f5ef4e81d90 code [0x00007f5ef4e81ec0, 0x00007f5ef4e81f18]
Event: 647.808 Thread 0x00007f5ef80a3800   31             java.util.concurrent.locks.AbstractQueuedSynchronizer::release (33 bytes)
Event: 647.810 Thread 0x00007f5ef80a0800   32             java.util.concurrent.locks.ReentrantLock$Sync::tryRelease (45 bytes)
Event: 647.812 Thread 0x00007f5ef80a0800 nmethod 32 0x00007f5ef4e81b10 code [0x00007f5ef4e81c40, 0x00007f5ef4e81cf8]
Event: 647.816 Thread 0x00007f5ef80a3800 nmethod 31 0x00007f5ef4e816d0 code [0x00007f5ef4e81820, 0x00007f5ef4e819a8]
Event: 708.902 Thread 0x00007f5ef80a0800   33             java.util.concurrent.locks.ReentrantLock::unlock (10 bytes)
Event: 708.908 Thread 0x00007f5ef80a0800 nmethod 33 0x00007f5ef4e81250 code [0x00007f5ef4e813a0, 0x00007f5ef4e81528]
Event: 783.994 Thread 0x00007f5ef80a3800   34             java.util.concurrent.locks.ReentrantLock::lock (8 bytes)
Event: 783.998 Thread 0x00007f5ef80a3800 nmethod 34 0x00007f5ef4e84c50 code [0x00007f5ef4e84dc0, 0x00007f5ef4e84f48]

GC Heap History (2 events):
Event: 0.723 GC heap before
{Heap before GC invocations=1 (full 0):
 PSYoungGen      total 3584K, used 3072K [0x00000000ebe80000, 0x00000000ec280000, 0x0000000100000000)
  eden space 3072K, 100% used [0x00000000ebe80000,0x00000000ec180000,0x00000000ec180000)
  from space 512K, 0% used [0x00000000ec200000,0x00000000ec200000,0x00000000ec280000)
  to   space 512K, 0% used [0x00000000ec180000,0x00000000ec180000,0x00000000ec200000)
 ParOldGen       total 5632K, used 0K [0x00000000c3c00000, 0x00000000c4180000, 0x00000000ebe80000)
  object space 5632K, 0% used [0x00000000c3c00000,0x00000000c3c00000,0x00000000c4180000)
 PSPermGen       total 21504K, used 9506K [0x00000000b9600000, 0x00000000bab00000, 0x00000000c3c00000)
  object space 21504K, 44% used [0x00000000b9600000,0x00000000b9f48b50,0x00000000bab00000)
Event: 0.733 GC heap after
Heap after GC invocations=1 (full 0):
 PSYoungGen      total 3584K, used 498K [0x00000000ebe80000, 0x00000000ec580000, 0x0000000100000000)
  eden space 3072K, 0% used [0x00000000ebe80000,0x00000000ebe80000,0x00000000ec180000)
  from space 512K, 97% used [0x00000000ec180000,0x00000000ec1fc820,0x00000000ec200000)
  to   space 512K, 0% used [0x00000000ec500000,0x00000000ec500000,0x00000000ec580000)
 ParOldGen       total 5632K, used 726K [0x00000000c3c00000, 0x00000000c4180000, 0x00000000ebe80000)
  object space 5632K, 12% used [0x00000000c3c00000,0x00000000c3cb59a0,0x00000000c4180000)
 PSPermGen       total 21504K, used 9506K [0x00000000b9600000, 0x00000000bab00000, 0x00000000c3c00000)
  object space 21504K, 44% used [0x00000000b9600000,0x00000000b9f48b50,0x00000000bab00000)
}

Deoptimization events (5 events):
Event: 0.198 Thread 0x00007f5ef800a000 Uncommon trap: reason=class_check action=maybe_recompile pc=0x00007f5ef4e57134 method=java.util.Properties$LineReader.readLine()I @ 62
Event: 0.463 Thread 0x00007f5ef800a000 Uncommon trap: reason=class_check action=maybe_recompile pc=0x00007f5ef4e57134 method=java.util.Properties$LineReader.readLine()I @ 62
Event: 0.463 Thread 0x00007f5ef800a000 Uncommon trap: reason=class_check action=maybe_recompile pc=0x00007f5ef4e57134 method=java.util.Properties$LineReader.readLine()I @ 62
Event: 0.467 Thread 0x00007f5ef800a000 Uncommon trap: reason=class_check action=maybe_recompile pc=0x00007f5ef4e57134 method=java.util.Properties$LineReader.readLine()I @ 62
Event: 0.681 Thread 0x00007f5eb0006800 Uncommon trap: reason=class_check action=maybe_recompile pc=0x00007f5ef4e73ef4 method=java.util.Properties$LineReader.readLine()I @ 402

Internal exceptions (10 events):
Event: 0.256 Thread 0x00007f5ef800a000 Threw 0x00000000ebf54068 at /build/buildd/openjdk-7-7u65-2.5.2/build/openjdk/hotspot/src/share/vm/classfile/systemDictionary.cpp:185
Event: 0.375 Thread 0x00007f5ef800a000 Threw 0x00000000ebfca7e0 at /build/buildd/openjdk-7-7u65-2.5.2/build/openjdk/hotspot/src/share/vm/prims/jni.cpp:721
Event: 0.631 Thread 0x00007f5eb0006800 Threw 0x00000000ec125c38 at /build/buildd/openjdk-7-7u65-2.5.2/build/openjdk/hotspot/src/share/vm/prims/jvm.cpp:1247
Event: 0.631 Thread 0x00007f5eb0006800 Threw 0x00000000ec125f78 at /build/buildd/openjdk-7-7u65-2.5.2/build/openjdk/hotspot/src/share/vm/prims/jvm.cpp:1247
Event: 0.631 Thread 0x00007f5eb0006800 Threw 0x00000000ec126228 at /build/buildd/openjdk-7-7u65-2.5.2/build/openjdk/hotspot/src/share/vm/prims/jvm.cpp:1247
Event: 0.734 Thread 0x00007f5eb0006800 Threw 0x00000000ebe83ed0 at /build/buildd/openjdk-7-7u65-2.5.2/build/openjdk/hotspot/src/share/vm/prims/jvm.cpp:1247
Event: 0.734 Thread 0x00007f5eb0006800 Threw 0x00000000ebe841d0 at /build/buildd/openjdk-7-7u65-2.5.2/build/openjdk/hotspot/src/share/vm/prims/jvm.cpp:1247
Event: 0.735 Thread 0x00007f5eb0006800 Threw 0x00000000ebe84470 at /build/buildd/openjdk-7-7u65-2.5.2/build/openjdk/hotspot/src/share/vm/prims/jvm.cpp:1247
Event: 0.749 Thread 0x00007f5eb0006800 Threw 0x00000000ebeb9c90 at /build/buildd/openjdk-7-7u65-2.5.2/build/openjdk/hotspot/src/share/vm/runtime/reflection.cpp:1030
Event: 0.749 Thread 0x00007f5eb0006800 Threw 0x00000000ebeb9580 at /build/buildd/openjdk-7-7u65-2.5.2/build/openjdk/hotspot/src/share/vm/prims/jni.cpp:721

Events (10 events):
Event: 6.291 loading class 0x00007f5ecc02ef30
Event: 6.292 loading class 0x00007f5ecc02ef30 done
Event: 6.292 loading class 0x00007f5ecc02ef90
Event: 6.292 loading class 0x00007f5ef822c650
Event: 6.292 loading class 0x00007f5ef822c650 done
Event: 6.292 loading class 0x00007f5ecc02ef90 done
Event: 6.293 loading class 0x00007f5ecc01aad0
Event: 6.293 loading class 0x00007f5ecc01aad0 done
Event: 13.355 loading class 0x00007f5ecc02eb10
Event: 13.355 loading class 0x00007f5ecc02eb10 done


Dynamic libraries:
00400000-00401000 r-xp 00000000 08:0b 322835                             /usr/lib/jvm/java-7-openjdk-amd64/bin/appletviewer
00600000-00601000 r--p 00000000 08:0b 322835                             /usr/lib/jvm/java-7-openjdk-amd64/bin/appletviewer
00601000-00602000 rw-p 00001000 08:0b 322835                             /usr/lib/jvm/java-7-openjdk-amd64/bin/appletviewer
013df000-01400000 rw-p 00000000 00:00 0                                  [heap]
b9600000-bab00000 rw-p 00000000 00:00 0 
bab00000-c3c00000 rw-p 00000000 00:00 0 
c3c00000-c4180000 rw-p 00000000 00:00 0 
c4180000-ebe80000 rw-p 00000000 00:00 0 
ebe80000-ec580000 rw-p 00000000 00:00 0 
ec580000-100000000 rw-p 00000000 00:00 0 
7f5e9c000000-7f5e9c02f000 rw-p 00000000 00:00 0 
7f5e9c02f000-7f5ea0000000 ---p 00000000 00:00 0 
7f5ea0000000-7f5ea0021000 rw-p 00000000 00:00 0 
7f5ea0021000-7f5ea4000000 ---p 00000000 00:00 0 
7f5ea4000000-7f5ea4021000 rw-p 00000000 00:00 0 
7f5ea4021000-7f5ea8000000 ---p 00000000 00:00 0 
7f5ea8000000-7f5ea8021000 rw-p 00000000 00:00 0 
7f5ea8021000-7f5eac000000 ---p 00000000 00:00 0 
7f5eac000000-7f5eac021000 rw-p 00000000 00:00 0 
7f5eac021000-7f5eb0000000 ---p 00000000 00:00 0 
7f5eb0000000-7f5eb0021000 rw-p 00000000 00:00 0 
7f5eb0021000-7f5eb4000000 ---p 00000000 00:00 0 
7f5eb4000000-7f5eb4021000 rw-p 00000000 00:00 0 
7f5eb4021000-7f5eb8000000 ---p 00000000 00:00 0 
7f5eb8000000-7f5eb8021000 rw-p 00000000 00:00 0 
7f5eb8021000-7f5ebc000000 ---p 00000000 00:00 0 
7f5ebd8d5000-7f5ebd8d8000 ---p 00000000 00:00 0 
7f5ebd8d8000-7f5ebd9d6000 rw-p 00000000 00:00 0                          [stack:4922]
7f5ebd9d6000-7f5ebd9d9000 ---p 00000000 00:00 0 
7f5ebd9d9000-7f5ebdad7000 rw-p 00000000 00:00 0 
7f5ebdad7000-7f5ebdae7000 r-xp 00000000 08:0b 262681                     /usr/lib/jvm/java-7-openjdk-amd64/jre/lib/amd64/libnio.so
7f5ebdae7000-7f5ebdce7000 ---p 00010000 08:0b 262681                     /usr/lib/jvm/java-7-openjdk-amd64/jre/lib/amd64/libnio.so
7f5ebdce7000-7f5ebdce8000 r--p 00010000 08:0b 262681                     /usr/lib/jvm/java-7-openjdk-amd64/jre/lib/amd64/libnio.so
7f5ebdce8000-7f5ebdce9000 rw-p 00011000 08:0b 262681                     /usr/lib/jvm/java-7-openjdk-amd64/jre/lib/amd64/libnio.so
7f5ebdce9000-7f5ebdd3a000 r-xp 00000000 08:0b 262696                     /usr/lib/jvm/java-7-openjdk-amd64/jre/lib/amd64/libfontmanager.so
7f5ebdd3a000-7f5ebdf39000 ---p 00051000 08:0b 262696                     /usr/lib/jvm/java-7-openjdk-amd64/jre/lib/amd64/libfontmanager.so
7f5ebdf39000-7f5ebdf3c000 r--p 00050000 08:0b 262696                     /usr/lib/jvm/java-7-openjdk-amd64/jre/lib/amd64/libfontmanager.so
7f5ebdf3c000-7f5ebdf3d000 rw-p 00053000 08:0b 262696                     /usr/lib/jvm/java-7-openjdk-amd64/jre/lib/amd64/libfontmanager.so
7f5ebdf3d000-7f5ebdf40000 ---p 00000000 00:00 0 
7f5ebdf40000-7f5ebe03e000 rw-p 00000000 00:00 0                          [stack:4920]
7f5ebe03e000-7f5ebe041000 ---p 00000000 00:00 0 
7f5ebe041000-7f5ebe13f000 rw-p 00000000 00:00 0                          [stack:4919]
7f5ebe13f000-7f5ebe142000 ---p 00000000 00:00 0 
7f5ebe142000-7f5ebe240000 rw-p 00000000 00:00 0                          [stack:4918]
7f5ebe240000-7f5ebe243000 ---p 00000000 00:00 0 
7f5ebe243000-7f5ebe341000 rw-p 00000000 00:00 0                          [stack:4916]
7f5ebe341000-7f5ebe346000 r-xp 00000000 08:0b 11331                      /usr/lib/x86_64-linux-gnu/libXfixes.so.3.1.0
7f5ebe346000-7f5ebe545000 ---p 00005000 08:0b 11331                      /usr/lib/x86_64-linux-gnu/libXfixes.so.3.1.0
7f5ebe545000-7f5ebe546000 r--p 00004000 08:0b 11331                      /usr/lib/x86_64-linux-gnu/libXfixes.so.3.1.0
7f5ebe546000-7f5ebe547000 rw-p 00005000 08:0b 11331                      /usr/lib/x86_64-linux-gnu/libXfixes.so.3.1.0
7f5ebe547000-7f5ebe550000 r-xp 00000000 08:0b 11323                      /usr/lib/x86_64-linux-gnu/libXcursor.so.1.0.2
7f5ebe550000-7f5ebe74f000 ---p 00009000 08:0b 11323                      /usr/lib/x86_64-linux-gnu/libXcursor.so.1.0.2
7f5ebe74f000-7f5ebe750000 r--p 00008000 08:0b 11323                      /usr/lib/x86_64-linux-gnu/libXcursor.so.1.0.2
7f5ebe750000-7f5ebe751000 rw-p 00009000 08:0b 11323                      /usr/lib/x86_64-linux-gnu/libXcursor.so.1.0.2
7f5ebe751000-7f5ebe754000 ---p 00000000 00:00 0 
7f5ebe754000-7f5ebe852000 rw-p 00000000 00:00 0                          [stack:4915]
7f5ebe852000-7f5ebe869000 r-xp 00000000 08:0b 262689                     /usr/lib/jvm/java-7-openjdk-amd64/jre/lib/amd64/libnet.so
7f5ebe869000-7f5ebea68000 ---p 00017000 08:0b 262689                     /usr/lib/jvm/java-7-openjdk-amd64/jre/lib/amd64/libnet.so
7f5ebea68000-7f5ebea69000 r--p 00016000 08:0b 262689                     /usr/lib/jvm/java-7-openjdk-amd64/jre/lib/amd64/libnet.so
7f5ebea69000-7f5ebea6a000 rw-p 00017000 08:0b 262689                     /usr/lib/jvm/java-7-openjdk-amd64/jre/lib/amd64/libnet.so
7f5ebea6a000-7f5ebea6e000 r-xp 00000000 08:0b 266393                     /lib/x86_64-linux-gnu/libgpg-error.so.0.10.0
7f5ebea6e000-7f5ebec6d000 ---p 00004000 08:0b 266393                     /lib/x86_64-linux-gnu/libgpg-error.so.0.10.0
7f5ebec6d000-7f5ebec6e000 r--p 00003000 08:0b 266393                     /lib/x86_64-linux-gnu/libgpg-error.so.0.10.0
7f5ebec6e000-7f5ebec6f000 rw-p 00004000 08:0b 266393                     /lib/x86_64-linux-gnu/libgpg-error.so.0.10.0
7f5ebec6f000-7f5ebec71000 r-xp 00000000 08:0b 266403                     /lib/x86_64-linux-gnu/libkeyutils.so.1.4
7f5ebec71000-7f5ebee71000 ---p 00002000 08:0b 266403                     /lib/x86_64-linux-gnu/libkeyutils.so.1.4
7f5ebee71000-7f5ebee72000 r--p 00002000 08:0b 266403                     /lib/x86_64-linux-gnu/libkeyutils.so.1.4
7f5ebee72000-7f5ebee73000 rw-p 00003000 08:0b 266403                     /lib/x86_64-linux-gnu/libkeyutils.so.1.4
7f5ebee73000-7f5ebeeb0000 r-xp 00000000 08:0b 266463                     /lib/x86_64-linux-gnu/libpcre.so.3.13.1
7f5ebeeb0000-7f5ebf0af000 ---p 0003d000 08:0b 266463                     /lib/x86_64-linux-gnu/libpcre.so.3.13.1
7f5ebf0af000-7f5ebf0b0000 r--p 0003c000 08:0b 266463                     /lib/x86_64-linux-gnu/libpcre.so.3.13.1
7f5ebf0b0000-7f5ebf0b1000 rw-p 0003d000 08:0b 266463                     /lib/x86_64-linux-gnu/libpcre.so.3.13.1
7f5ebf0b1000-7f5ebf0d6000 r-xp 00000000 08:0b 266475                     /lib/x86_64-linux-gnu/libpng12.so.0.50.0
7f5ebf0d6000-7f5ebf2d5000 ---p 00025000 08:0b 266475                     /lib/x86_64-linux-gnu/libpng12.so.0.50.0
7f5ebf2d5000-7f5ebf2d6000 r--p 00024000 08:0b 266475                     /lib/x86_64-linux-gnu/libpng12.so.0.50.0
7f5ebf2d6000-7f5ebf2d7000 rw-p 00025000 08:0b 266475                     /lib/x86_64-linux-gnu/libpng12.so.0.50.0
7f5ebf2d7000-7f5ebf31b000 r-xp 00000000 08:0b 274082                     /lib/x86_64-linux-gnu/libdbus-1.so.3.7.6
7f5ebf31b000-7f5ebf51a000 ---p 00044000 08:0b 274082                     /lib/x86_64-linux-gnu/libdbus-1.so.3.7.6
7f5ebf51a000-7f5ebf51b000 r--p 00043000 08:0b 274082                     /lib/x86_64-linux-gnu/libdbus-1.so.3.7.6
7f5ebf51b000-7f5ebf51c000 rw-p 00044000 08:0b 274082                     /lib/x86_64-linux-gnu/libdbus-1.so.3.7.6
7f5ebf51c000-7f5ebf557000 r-xp 00000000 08:0b 12043                      /usr/lib/x86_64-linux-gnu/libp11-kit.so.0.0.0
7f5ebf557000-7f5ebf756000 ---p 0003b000 08:0b 12043                      /usr/lib/x86_64-linux-gnu/libp11-kit.so.0.0.0
7f5ebf756000-7f5ebf75c000 r--p 0003a000 08:0b 12043                      /usr/lib/x86_64-linux-gnu/libp11-kit.so.0.0.0
7f5ebf75c000-7f5ebf75e000 rw-p 00040000 08:0b 12043                      /usr/lib/x86_64-linux-gnu/libp11-kit.so.0.0.0
7f5ebf75e000-7f5ebf770000 r-xp 00000000 08:0b 938                        /usr/lib/x86_64-linux-gnu/libtasn1.so.6.2.0
7f5ebf770000-7f5ebf970000 ---p 00012000 08:0b 938                        /usr/lib/x86_64-linux-gnu/libtasn1.so.6.2.0
7f5ebf970000-7f5ebf971000 r--p 00012000 08:0b 938                        /usr/lib/x86_64-linux-gnu/libtasn1.so.6.2.0
7f5ebf971000-7f5ebf972000 rw-p 00013000 08:0b 938                        /usr/lib/x86_64-linux-gnu/libtasn1.so.6.2.0
7f5ebf972000-7f5ebf9ee000 r-xp 00000000 08:0b 266305                     /lib/x86_64-linux-gnu/libgcrypt.so.11.8.2
7f5ebf9ee000-7f5ebfbed000 ---p 0007c000 08:0b 266305                     /lib/x86_64-linux-gnu/libgcrypt.so.11.8.2
7f5ebfbed000-7f5ebfbee000 r--p 0007b000 08:0b 266305                     /lib/x86_64-linux-gnu/libgcrypt.so.11.8.2
7f5ebfbee000-7f5ebfbf1000 rw-p 0007c000 08:0b 266305                     /lib/x86_64-linux-gnu/libgcrypt.so.11.8.2
7f5ebfbf1000-7f5ebfbfb000 r-xp 00000000 08:0b 1991                       /usr/lib/x86_64-linux-gnu/libkrb5support.so.0.1
7f5ebfbfb000-7f5ebfdfa000 ---p 0000a000 08:0b 1991                       /usr/lib/x86_64-linux-gnu/libkrb5support.so.0.1
7f5ebfdfa000-7f5ebfdfb000 r--p 00009000 08:0b 1991                       /usr/lib/x86_64-linux-gnu/libkrb5support.so.0.1
7f5ebfdfb000-7f5ebfdfc000 rw-p 0000a000 08:0b 1991                       /usr/lib/x86_64-linux-gnu/libkrb5support.so.0.1
7f5ebfdfc000-7f5ebfdff000 r-xp 00000000 08:0b 266369                     /lib/x86_64-linux-gnu/libcom_err.so.2.1
7f5ebfdff000-7f5ebfffe000 ---p 00003000 08:0b 266369                     /lib/x86_64-linux-gnu/libcom_err.so.2.1
7f5ebfffe000-7f5ebffff000 r--p 00002000 08:0b 266369                     /lib/x86_64-linux-gnu/libcom_err.so.2.1
7f5ebffff000-7f5ec0000000 rw-p 00003000 08:0b 266369                     /lib/x86_64-linux-gnu/libcom_err.so.2.1
7f5ec0000000-7f5ec015e000 rw-p 00000000 00:00 0 
7f5ec015e000-7f5ec4000000 ---p 00000000 00:00 0 
7f5ec4000000-7f5ec4021000 rw-p 00000000 00:00 0 
7f5ec4021000-7f5ec8000000 ---p 00000000 00:00 0 
7f5ec8000000-7f5ec8021000 rw-p 00000000 00:00 0 
7f5ec8021000-7f5ecc000000 ---p 00000000 00:00 0 
7f5ecc000000-7f5ecc247000 rw-p 00000000 00:00 0 
7f5ecc247000-7f5ed0000000 ---p 00000000 00:00 0 
7f5ed0000000-7f5ed0021000 rw-p 00000000 00:00 0 
7f5ed0021000-7f5ed4000000 ---p 00000000 00:00 0 
7f5ed4000000-7f5ed4021000 rw-p 00000000 00:00 0 
7f5ed4021000-7f5ed8000000 ---p 00000000 00:00 0 
7f5ed8000000-7f5ed8021000 rw-p 00000000 00:00 0 
7f5ed8021000-7f5edc000000 ---p 00000000 00:00 0 
7f5edc000000-7f5edc021000 rw-p 00000000 00:00 0 
7f5edc021000-7f5ee0000000 ---p 00000000 00:00 0 
7f5ee0000000-7f5ee0021000 rw-p 00000000 00:00 0 
7f5ee0021000-7f5ee4000000 ---p 00000000 00:00 0 
7f5ee400a000-7f5ee403b000 rw-p 00000000 00:00 0 
7f5ee403b000-7f5ee4067000 r-xp 00000000 08:0b 1898                       /usr/lib/x86_64-linux-gnu/libk5crypto.so.3.1
7f5ee4067000-7f5ee4266000 ---p 0002c000 08:0b 1898                       /usr/lib/x86_64-linux-gnu/libk5crypto.so.3.1
7f5ee4266000-7f5ee4268000 r--p 0002b000 08:0b 1898                       /usr/lib/x86_64-linux-gnu/libk5crypto.so.3.1
7f5ee4268000-7f5ee4269000 rw-p 0002d000 08:0b 1898                       /usr/lib/x86_64-linux-gnu/libk5crypto.so.3.1
7f5ee4269000-7f5ee426a000 rw-p 00000000 00:00 0 
7f5ee426a000-7f5ee4326000 r-xp 00000000 08:0b 1989                       /usr/lib/x86_64-linux-gnu/libkrb5.so.3.3
7f5ee4326000-7f5ee4526000 ---p 000bc000 08:0b 1989                       /usr/lib/x86_64-linux-gnu/libkrb5.so.3.3
7f5ee4526000-7f5ee4533000 r--p 000bc000 08:0b 1989                       /usr/lib/x86_64-linux-gnu/libkrb5.so.3.3
7f5ee4533000-7f5ee4535000 rw-p 000c9000 08:0b 1989                       /usr/lib/x86_64-linux-gnu/libkrb5.so.3.3
7f5ee4535000-7f5ee453a000 r-xp 00000000 08:0b 11327                      /usr/lib/x86_64-linux-gnu/libXdmcp.so.6.0.0
7f5ee453a000-7f5ee4739000 ---p 00005000 08:0b 11327                      /usr/lib/x86_64-linux-gnu/libXdmcp.so.6.0.0
7f5ee4739000-7f5ee473a000 r--p 00004000 08:0b 11327                      /usr/lib/x86_64-linux-gnu/libXdmcp.so.6.0.0
7f5ee473a000-7f5ee473b000 rw-p 00005000 08:0b 11327                      /usr/lib/x86_64-linux-gnu/libXdmcp.so.6.0.0
7f5ee473b000-7f5ee473d000 r-xp 00000000 08:0b 11316                      /usr/lib/x86_64-linux-gnu/libXau.so.6.0.0
7f5ee473d000-7f5ee493d000 ---p 00002000 08:0b 11316                      /usr/lib/x86_64-linux-gnu/libXau.so.6.0.0
7f5ee493d000-7f5ee493e000 r--p 00002000 08:0b 11316                      /usr/lib/x86_64-linux-gnu/libXau.so.6.0.0
7f5ee493e000-7f5ee493f000 rw-p 00003000 08:0b 11316                      /usr/lib/x86_64-linux-gnu/libXau.so.6.0.0
7f5ee493f000-7f5ee4946000 r-xp 00000000 08:0b 11594                      /usr/lib/x86_64-linux-gnu/libffi.so.6.0.1
7f5ee4946000-7f5ee4b45000 ---p 00007000 08:0b 11594                      /usr/lib/x86_64-linux-gnu/libffi.so.6.0.1
7f5ee4b45000-7f5ee4b46000 r--p 00006000 08:0b 11594                      /usr/lib/x86_64-linux-gnu/libffi.so.6.0.1
7f5ee4b46000-7f5ee4b47000 rw-p 00007000 08:0b 11594                      /usr/lib/x86_64-linux-gnu/libffi.so.6.0.1
7f5ee4b47000-7f5ee4b5e000 r-xp 00000000 08:0b 262403                     /lib/x86_64-linux-gnu/libresolv-2.19.so
7f5ee4b5e000-7f5ee4d5e000 ---p 00017000 08:0b 262403                     /lib/x86_64-linux-gnu/libresolv-2.19.so
7f5ee4d5e000-7f5ee4d5f000 r--p 00017000 08:0b 262403                     /lib/x86_64-linux-gnu/libresolv-2.19.so
7f5ee4d5f000-7f5ee4d60000 rw-p 00018000 08:0b 262403                     /lib/x86_64-linux-gnu/libresolv-2.19.so
7f5ee4d60000-7f5ee4d62000 rw-p 00000000 00:00 0 
7f5ee4d62000-7f5ee4d82000 r-xp 00000000 08:0b 262400                     /lib/x86_64-linux-gnu/libselinux.so.1
7f5ee4d82000-7f5ee4f81000 ---p 00020000 08:0b 262400                     /lib/x86_64-linux-gnu/libselinux.so.1
7f5ee4f81000-7f5ee4f82000 r--p 0001f000 08:0b 262400                     /lib/x86_64-linux-gnu/libselinux.so.1
7f5ee4f82000-7f5ee4f83000 rw-p 00020000 08:0b 262400                     /lib/x86_64-linux-gnu/libselinux.so.1
7f5ee4f83000-7f5ee4f85000 rw-p 00000000 00:00 0 
7f5ee4f85000-7f5ee508b000 r-xp 00000000 08:0b 266391                     /lib/x86_64-linux-gnu/libglib-2.0.so.0.4000.0
7f5ee508b000-7f5ee528a000 ---p 00106000 08:0b 266391                     /lib/x86_64-linux-gnu/libglib-2.0.so.0.4000.0
7f5ee528a000-7f5ee528b000 r--p 00105000 08:0b 266391                     /lib/x86_64-linux-gnu/libglib-2.0.so.0.4000.0
7f5ee528b000-7f5ee528c000 rw-p 00106000 08:0b 266391                     /lib/x86_64-linux-gnu/libglib-2.0.so.0.4000.0
7f5ee528c000-7f5ee528d000 rw-p 00000000 00:00 0 
7f5ee528d000-7f5ee5290000 r-xp 00000000 08:0b 11711                      /usr/lib/x86_64-linux-gnu/libgmodule-2.0.so.0.4000.0
7f5ee5290000-7f5ee548f000 ---p 00003000 08:0b 11711                      /usr/lib/x86_64-linux-gnu/libgmodule-2.0.so.0.4000.0
7f5ee548f000-7f5ee5490000 r--p 00002000 08:0b 11711                      /usr/lib/x86_64-linux-gnu/libgmodule-2.0.so.0.4000.0
7f5ee5490000-7f5ee5491000 rw-p 00003000 08:0b 11711                      /usr/lib/x86_64-linux-gnu/libgmodule-2.0.so.0.4000.0
7f5ee5491000-7f5ee54b8000 r-xp 00000000 08:0b 266382                     /lib/x86_64-linux-gnu/libexpat.so.1.6.0
7f5ee54b8000-7f5ee56b8000 ---p 00027000 08:0b 266382                     /lib/x86_64-linux-gnu/libexpat.so.1.6.0
7f5ee56b8000-7f5ee56ba000 r--p 00027000 08:0b 266382                     /lib/x86_64-linux-gnu/libexpat.so.1.6.0
7f5ee56ba000-7f5ee56bb000 rw-p 00029000 08:0b 266382                     /lib/x86_64-linux-gnu/libexpat.so.1.6.0
7f5ee56bb000-7f5ee5758000 r-xp 00000000 08:0b 2942                       /usr/lib/x86_64-linux-gnu/libfreetype.so.6.11.1
7f5ee5758000-7f5ee5957000 ---p 0009d000 08:0b 2942                       /usr/lib/x86_64-linux-gnu/libfreetype.so.6.11.1
7f5ee5957000-7f5ee595d000 r--p 0009c000 08:0b 2942                       /usr/lib/x86_64-linux-gnu/libfreetype.so.6.11.1
7f5ee595d000-7f5ee595e000 rw-p 000a2000 08:0b 2942                       /usr/lib/x86_64-linux-gnu/libfreetype.so.6.11.1
7f5ee595e000-7f5ee596d000 r-xp 00000000 08:0b 11420                      /usr/lib/x86_64-linux-gnu/libavahi-client.so.3.2.9
7f5ee596d000-7f5ee5b6d000 ---p 0000f000 08:0b 11420                      /usr/lib/x86_64-linux-gnu/libavahi-client.so.3.2.9
7f5ee5b6d000-7f5ee5b6e000 r--p 0000f000 08:0b 11420                      /usr/lib/x86_64-linux-gnu/libavahi-client.so.3.2.9
7f5ee5b6e000-7f5ee5b6f000 rw-p 00010000 08:0b 11420                      /usr/lib/x86_64-linux-gnu/libavahi-client.so.3.2.9
7f5ee5b6f000-7f5ee5b7a000 r-xp 00000000 08:0b 11422                      /usr/lib/x86_64-linux-gnu/libavahi-common.so.3.5.3
7f5ee5b7a000-7f5ee5d79000 ---p 0000b000 08:0b 11422                      /usr/lib/x86_64-linux-gnu/libavahi-common.so.3.5.3
7f5ee5d79000-7f5ee5d7a000 r--p 0000a000 08:0b 11422                      /usr/lib/x86_64-linux-gnu/libavahi-common.so.3.5.3
7f5ee5d7a000-7f5ee5d7b000 rw-p 0000b000 08:0b 11422                      /usr/lib/x86_64-linux-gnu/libavahi-common.so.3.5.3
7f5ee5d7b000-7f5ee5e31000 r-xp 00000000 08:0b 1582                       /usr/lib/x86_64-linux-gnu/libgnutls.so.26.22.6
7f5ee5e31000-7f5ee6031000 ---p 000b6000 08:0b 1582                       /usr/lib/x86_64-linux-gnu/libgnutls.so.26.22.6
7f5ee6031000-7f5ee6037000 r--p 000b6000 08:0b 1582                       /usr/lib/x86_64-linux-gnu/libgnutls.so.26.22.6
7f5ee6037000-7f5ee6038000 rw-p 000bc000 08:0b 1582                       /usr/lib/x86_64-linux-gnu/libgnutls.so.26.22.6
7f5ee6038000-7f5ee6039000 rw-p 00000000 00:00 0 
7f5ee6039000-7f5ee607c000 r-xp 00000000 08:0b 1987                       /usr/lib/x86_64-linux-gnu/libgssapi_krb5.so.2.2
7f5ee607c000-7f5ee627c000 ---p 00043000 08:0b 1987                       /usr/lib/x86_64-linux-gnu/libgssapi_krb5.so.2.2
7f5ee627c000-7f5ee627d000 r--p 00043000 08:0b 1987                       /usr/lib/x86_64-linux-gnu/libgssapi_krb5.so.2.2
7f5ee627d000-7f5ee627f000 rw-p 00044000 08:0b 1987                       /usr/lib/x86_64-linux-gnu/libgssapi_krb5.so.2.2
7f5ee627f000-7f5ee629c000 r-xp 00000000 08:0b 12384                      /usr/lib/x86_64-linux-gnu/libxcb.so.1.1.0
7f5ee629c000-7f5ee649c000 ---p 0001d000 08:0b 12384                      /usr/lib/x86_64-linux-gnu/libxcb.so.1.1.0
7f5ee649c000-7f5ee649d000 r--p 0001d000 08:0b 12384                      /usr/lib/x86_64-linux-gnu/libxcb.so.1.1.0
7f5ee649d000-7f5ee649e000 rw-p 0001e000 08:0b 12384                      /usr/lib/x86_64-linux-gnu/libxcb.so.1.1.0
7f5ee649e000-7f5ee64ed000 r-xp 00000000 08:0b 11727                      /usr/lib/x86_64-linux-gnu/libgobject-2.0.so.0.4000.0
7f5ee64ed000-7f5ee66ed000 ---p 0004f000 08:0b 11727                      /usr/lib/x86_64-linux-gnu/libgobject-2.0.so.0.4000.0
7f5ee66ed000-7f5ee66ee000 r--p 0004f000 08:0b 11727                      /usr/lib/x86_64-linux-gnu/libgobject-2.0.so.0.4000.0
7f5ee66ee000-7f5ee66ef000 rw-p 00050000 08:0b 11727                      /usr/lib/x86_64-linux-gnu/libgobject-2.0.so.0.4000.0
7f5ee66ef000-7f5ee685a000 r-xp 00000000 08:0b 11697                      /usr/lib/x86_64-linux-gnu/libgio-2.0.so.0.4000.0
7f5ee685a000-7f5ee6a5a000 ---p 0016b000 08:0b 11697                      /usr/lib/x86_64-linux-gnu/libgio-2.0.so.0.4000.0
7f5ee6a5a000-7f5ee6a5e000 r--p 0016b000 08:0b 11697                      /usr/lib/x86_64-linux-gnu/libgio-2.0.so.0.4000.0
7f5ee6a5e000-7f5ee6a60000 rw-p 0016f000 08:0b 11697                      /usr/lib/x86_64-linux-gnu/libgio-2.0.so.0.4000.0
7f5ee6a60000-7f5ee6a62000 rw-p 00000000 00:00 0 
7f5ee6a62000-7f5ee6a9c000 r-xp 00000000 08:0b 2940                       /usr/lib/x86_64-linux-gnu/libfontconfig.so.1.8.0
7f5ee6a9c000-7f5ee6c9b000 ---p 0003a000 08:0b 2940                       /usr/lib/x86_64-linux-gnu/libfontconfig.so.1.8.0
7f5ee6c9b000-7f5ee6c9d000 r--p 00039000 08:0b 2940                       /usr/lib/x86_64-linux-gnu/libfontconfig.so.1.8.0
7f5ee6c9d000-7f5ee6c9e000 rw-p 0003b000 08:0b 2940                       /usr/lib/x86_64-linux-gnu/libfontconfig.so.1.8.0
7f5ee6c9e000-7f5ee6d0a000 r-xp 00000000 08:0b 951                        /usr/lib/x86_64-linux-gnu/libcups.so.2
7f5ee6d0a000-7f5ee6f0a000 ---p 0006c000 08:0b 951                        /usr/lib/x86_64-linux-gnu/libcups.so.2
7f5ee6f0a000-7f5ee6f11000 r--p 0006c000 08:0b 951                        /usr/lib/x86_64-linux-gnu/libcups.so.2
7f5ee6f11000-7f5ee6f12000 rw-p 00073000 08:0b 951                        /usr/lib/x86_64-linux-gnu/libcups.so.2
7f5ee6f12000-7f5ee6f21000 r-xp 00000000 08:0b 11337                      /usr/lib/x86_64-linux-gnu/libXi.so.6.1.0
7f5ee6f21000-7f5ee7120000 ---p 0000f000 08:0b 11337                      /usr/lib/x86_64-linux-gnu/libXi.so.6.1.0
7f5ee7120000-7f5ee7121000 r--p 0000e000 08:0b 11337                      /usr/lib/x86_64-linux-gnu/libXi.so.6.1.0
7f5ee7121000-7f5ee7122000 rw-p 0000f000 08:0b 11337                      /usr/lib/x86_64-linux-gnu/libXi.so.6.1.0
7f5ee7122000-7f5ee7127000 r-xp 00000000 08:0b 11357                      /usr/lib/x86_64-linux-gnu/libXtst.so.6.1.0
7f5ee7127000-7f5ee7326000 ---p 00005000 08:0b 11357                      /usr/lib/x86_64-linux-gnu/libXtst.so.6.1.0
7f5ee7326000-7f5ee7327000 r--p 00004000 08:0b 11357                      /usr/lib/x86_64-linux-gnu/libXtst.so.6.1.0
7f5ee7327000-7f5ee7328000 rw-p 00005000 08:0b 11357                      /usr/lib/x86_64-linux-gnu/libXtst.so.6.1.0
7f5ee7328000-7f5ee7331000 r-xp 00000000 08:0b 11351                      /usr/lib/x86_64-linux-gnu/libXrender.so.1.3.0
7f5ee7331000-7f5ee7530000 ---p 00009000 08:0b 11351                      /usr/lib/x86_64-linux-gnu/libXrender.so.1.3.0
7f5ee7530000-7f5ee7531000 r--p 00008000 08:0b 11351                      /usr/lib/x86_64-linux-gnu/libXrender.so.1.3.0
7f5ee7531000-7f5ee7532000 rw-p 00009000 08:0b 11351                      /usr/lib/x86_64-linux-gnu/libXrender.so.1.3.0
7f5ee7532000-7f5ee7662000 r-xp 00000000 08:0b 11312                      /usr/lib/x86_64-linux-gnu/libX11.so.6.3.0
7f5ee7662000-7f5ee7862000 ---p 00130000 08:0b 11312                      /usr/lib/x86_64-linux-gnu/libX11.so.6.3.0
7f5ee7862000-7f5ee7863000 r--p 00130000 08:0b 11312                      /usr/lib/x86_64-linux-gnu/libX11.so.6.3.0
7f5ee7863000-7f5ee7867000 rw-p 00131000 08:0b 11312                      /usr/lib/x86_64-linux-gnu/libX11.so.6.3.0
7f5ee7867000-7f5ee7878000 r-xp 00000000 08:0b 11329                      /usr/lib/x86_64-linux-gnu/libXext.so.6.4.0
7f5ee7878000-7f5ee7a77000 ---p 00011000 08:0b 11329                      /usr/lib/x86_64-linux-gnu/libXext.so.6.4.0
7f5ee7a77000-7f5ee7a78000 r--p 00010000 08:0b 11329                      /usr/lib/x86_64-linux-gnu/libXext.so.6.4.0
7f5ee7a78000-7f5ee7a79000 rw-p 00011000 08:0b 11329                      /usr/lib/x86_64-linux-gnu/libXext.so.6.4.0
7f5ee7a79000-7f5ee7ac1000 r-xp 00000000 08:0b 261933                     /usr/lib/jvm/java-7-openjdk-amd64/jre/lib/amd64/xawt/libmawt.so
7f5ee7ac1000-7f5ee7cc0000 ---p 00048000 08:0b 261933                     /usr/lib/jvm/java-7-openjdk-amd64/jre/lib/amd64/xawt/libmawt.so
7f5ee7cc0000-7f5ee7cc1000 r--p 00047000 08:0b 261933                     /usr/lib/jvm/java-7-openjdk-amd64/jre/lib/amd64/xawt/libmawt.so
7f5ee7cc1000-7f5ee7cc4000 rw-p 00048000 08:0b 261933                     /usr/lib/jvm/java-7-openjdk-amd64/jre/lib/amd64/xawt/libmawt.so
7f5ee7cc4000-7f5ee7cc5000 rw-p 00000000 00:00 0 
7f5ee7cc5000-7f5ee7d65000 r-xp 00000000 08:0b 262682                     /usr/lib/jvm/java-7-openjdk-amd64/jre/lib/amd64/libawt.so
7f5ee7d65000-7f5ee7f65000 ---p 000a0000 08:0b 262682                     /usr/lib/jvm/java-7-openjdk-amd64/jre/lib/amd64/libawt.so
7f5ee7f65000-7f5ee7f66000 r--p 000a0000 08:0b 262682                     /usr/lib/jvm/java-7-openjdk-amd64/jre/lib/amd64/libawt.so
7f5ee7f66000-7f5ee7f71000 rw-p 000a1000 08:0b 262682                     /usr/lib/jvm/java-7-openjdk-amd64/jre/lib/amd64/libawt.so
7f5ee7f71000-7f5ee7f96000 rw-p 00000000 00:00 0 
7f5ee7f96000-7f5ee8000000 r--s 0069e000 08:0b 322748                     /usr/lib/jvm/java-7-openjdk-amd64/lib/tools.jar
7f5ee8000000-7f5ee8021000 rw-p 00000000 00:00 0 
7f5ee8021000-7f5eec000000 ---p 00000000 00:00 0 
7f5eec014000-7f5eec015000 ---p 00000000 00:00 0 
7f5eec015000-7f5eec115000 rw-p 00000000 00:00 0                          [stack:4914]
7f5eec115000-7f5eec118000 ---p 00000000 00:00 0 
7f5eec118000-7f5eec216000 rw-p 00000000 00:00 0                          [stack:4913]
7f5eec216000-7f5eec219000 ---p 00000000 00:00 0 
7f5eec219000-7f5eec317000 rw-p 00000000 00:00 0                          [stack:4912]
7f5eec317000-7f5eec31a000 ---p 00000000 00:00 0 
7f5eec31a000-7f5eec418000 rw-p 00000000 00:00 0                          [stack:4911]
7f5eec418000-7f5eec41b000 ---p 00000000 00:00 0 
7f5eec41b000-7f5eec519000 rw-p 00000000 00:00 0                          [stack:4910]
7f5eec519000-7f5eecbfb000 r--p 00000000 08:0b 8492                       /usr/lib/locale/locale-archive
7f5eecbfb000-7f5eecbfe000 ---p 00000000 00:00 0 
7f5eecbfe000-7f5eeccfc000 rw-p 00000000 00:00 0                          [stack:4909]
7f5eeccfc000-7f5eeccff000 ---p 00000000 00:00 0 
7f5eeccff000-7f5eecdfd000 rw-p 00000000 00:00 0                          [stack:4908]
7f5eecdfd000-7f5eecdfe000 ---p 00000000 00:00 0 
7f5eecdfe000-7f5ef0000000 rw-p 00000000 00:00 0                          [stack:4907]
7f5ef0000000-7f5ef0021000 rw-p 00000000 00:00 0 
7f5ef0021000-7f5ef4000000 ---p 00000000 00:00 0 
7f5ef401d000-7f5ef421f000 rw-p 00000000 00:00 0 
7f5ef421f000-7f5ef43d0000 r--s 01d21000 08:0b 261959                     /usr/lib/jvm/java-7-openjdk-amd64/jre/lib/rt.jar
7f5ef43d0000-7f5ef467b000 rw-p 00000000 00:00 0 
7f5ef467b000-7f5ef467c000 ---p 00000000 00:00 0 
7f5ef467c000-7f5ef477c000 rw-p 00000000 00:00 0                          [stack:4906]
7f5ef477c000-7f5ef477d000 ---p 00000000 00:00 0 
7f5ef477d000-7f5ef487d000 rw-p 00000000 00:00 0                          [stack:4905]
7f5ef487d000-7f5ef487e000 ---p 00000000 00:00 0 
7f5ef487e000-7f5ef497e000 rw-p 00000000 00:00 0                          [stack:4904]
7f5ef497e000-7f5ef497f000 ---p 00000000 00:00 0 
7f5ef497f000-7f5ef4a82000 rw-p 00000000 00:00 0                          [stack:4903]
7f5ef4a82000-7f5ef4bc1000 rw-p 00000000 00:00 0 
7f5ef4bc1000-7f5ef4bcc000 rw-p 00000000 00:00 0 
7f5ef4bcc000-7f5ef4c14000 rw-p 00000000 00:00 0 
7f5ef4c14000-7f5ef4c17000 rw-p 00000000 00:00 0 
7f5ef4c17000-7f5ef4d55000 rw-p 00000000 00:00 0 
7f5ef4d55000-7f5ef4d59000 rw-p 00000000 00:00 0 
7f5ef4d59000-7f5ef4df6000 rw-p 00000000 00:00 0 
7f5ef4df6000-7f5ef4df7000 rw-p 00000000 00:00 0 
7f5ef4df7000-7f5ef5067000 rwxp 00000000 00:00 0 
7f5ef5067000-7f5ef7df7000 rw-p 00000000 00:00 0 
7f5ef7df7000-7f5ef7dff000 r-xp 00000000 08:0b 262677                     /usr/lib/jvm/java-7-openjdk-amd64/jre/lib/amd64/libzip.so
7f5ef7dff000-7f5ef7ffe000 ---p 00008000 08:0b 262677                     /usr/lib/jvm/java-7-openjdk-amd64/jre/lib/amd64/libzip.so
7f5ef7ffe000-7f5ef7fff000 r--p 00007000 08:0b 262677                     /usr/lib/jvm/java-7-openjdk-amd64/jre/lib/amd64/libzip.so
7f5ef7fff000-7f5ef8000000 rw-p 00008000 08:0b 262677                     /usr/lib/jvm/java-7-openjdk-amd64/jre/lib/amd64/libzip.so
7f5ef8000000-7f5ef826d000 rw-p 00000000 00:00 0 
7f5ef826d000-7f5efc000000 ---p 00000000 00:00 0 
7f5efc00d000-7f5efc016000 r--s 000b9000 08:0b 262672                     /usr/lib/jvm/java-7-openjdk-amd64/jre/lib/resources.jar
7f5efc016000-7f5efc020000 r--s 00203000 08:0b 262663                     /usr/lib/jvm/java-7-openjdk-amd64/jre/lib/charsets.jar
7f5efc020000-7f5efc0f7000 rw-p 00000000 00:00 0 
7f5efc0f7000-7f5efc13f000 rw-p 00000000 00:00 0 
7f5efc13f000-7f5efc14a000 r-xp 00000000 08:0b 286305                     /lib/x86_64-linux-gnu/libnss_files-2.19.so
7f5efc14a000-7f5efc349000 ---p 0000b000 08:0b 286305                     /lib/x86_64-linux-gnu/libnss_files-2.19.so
7f5efc349000-7f5efc34a000 r--p 0000a000 08:0b 286305                     /lib/x86_64-linux-gnu/libnss_files-2.19.so
7f5efc34a000-7f5efc34b000 rw-p 0000b000 08:0b 286305                     /lib/x86_64-linux-gnu/libnss_files-2.19.so
7f5efc34b000-7f5efc356000 r-xp 00000000 08:0b 286306                     /lib/x86_64-linux-gnu/libnss_nis-2.19.so
7f5efc356000-7f5efc555000 ---p 0000b000 08:0b 286306                     /lib/x86_64-linux-gnu/libnss_nis-2.19.so
7f5efc555000-7f5efc556000 r--p 0000a000 08:0b 286306                     /lib/x86_64-linux-gnu/libnss_nis-2.19.so
7f5efc556000-7f5efc557000 rw-p 0000b000 08:0b 286306                     /lib/x86_64-linux-gnu/libnss_nis-2.19.so
7f5efc557000-7f5efc56e000 r-xp 00000000 08:0b 262404                     /lib/x86_64-linux-gnu/libnsl-2.19.so
7f5efc56e000-7f5efc76d000 ---p 00017000 08:0b 262404                     /lib/x86_64-linux-gnu/libnsl-2.19.so
7f5efc76d000-7f5efc76e000 r--p 00016000 08:0b 262404                     /lib/x86_64-linux-gnu/libnsl-2.19.so
7f5efc76e000-7f5efc76f000 rw-p 00017000 08:0b 262404                     /lib/x86_64-linux-gnu/libnsl-2.19.so
7f5efc76f000-7f5efc771000 rw-p 00000000 00:00 0 
7f5efc771000-7f5efc77a000 r-xp 00000000 08:0b 262401                     /lib/x86_64-linux-gnu/libnss_compat-2.19.so
7f5efc77a000-7f5efc979000 ---p 00009000 08:0b 262401                     /lib/x86_64-linux-gnu/libnss_compat-2.19.so
7f5efc979000-7f5efc97a000 r--p 00008000 08:0b 262401                     /lib/x86_64-linux-gnu/libnss_compat-2.19.so
7f5efc97a000-7f5efc97b000 rw-p 00009000 08:0b 262401                     /lib/x86_64-linux-gnu/libnss_compat-2.19.so
7f5efc97b000-7f5efc9a6000 r-xp 00000000 08:0b 262676                     /usr/lib/jvm/java-7-openjdk-amd64/jre/lib/amd64/libjava.so
7f5efc9a6000-7f5efcba6000 ---p 0002b000 08:0b 262676                     /usr/lib/jvm/java-7-openjdk-amd64/jre/lib/amd64/libjava.so
7f5efcba6000-7f5efcba7000 r--p 0002b000 08:0b 262676                     /usr/lib/jvm/java-7-openjdk-amd64/jre/lib/amd64/libjava.so
7f5efcba7000-7f5efcba9000 rw-p 0002c000 08:0b 262676                     /usr/lib/jvm/java-7-openjdk-amd64/jre/lib/amd64/libjava.so
7f5efcba9000-7f5efcbb9000 r-xp 00000000 08:0b 262702                     /usr/lib/jvm/java-7-openjdk-amd64/jre/lib/amd64/libverify.so
7f5efcbb9000-7f5efcdb8000 ---p 00010000 08:0b 262702                     /usr/lib/jvm/java-7-openjdk-amd64/jre/lib/amd64/libverify.so
7f5efcdb8000-7f5efcdba000 r--p 0000f000 08:0b 262702                     /usr/lib/jvm/java-7-openjdk-amd64/jre/lib/amd64/libverify.so
7f5efcdba000-7f5efcdbb000 rw-p 00011000 08:0b 262702                     /usr/lib/jvm/java-7-openjdk-amd64/jre/lib/amd64/libverify.so
7f5efcdbb000-7f5efcdc2000 r-xp 00000000 08:0b 266399                     /lib/x86_64-linux-gnu/librt-2.19.so
7f5efcdc2000-7f5efcfc1000 ---p 00007000 08:0b 266399                     /lib/x86_64-linux-gnu/librt-2.19.so
7f5efcfc1000-7f5efcfc2000 r--p 00006000 08:0b 266399                     /lib/x86_64-linux-gnu/librt-2.19.so
7f5efcfc2000-7f5efcfc3000 rw-p 00007000 08:0b 266399                     /lib/x86_64-linux-gnu/librt-2.19.so
7f5efcfc3000-7f5efcfd9000 r-xp 00000000 08:0b 272534                     /lib/x86_64-linux-gnu/libgcc_s.so.1
7f5efcfd9000-7f5efd1d8000 ---p 00016000 08:0b 272534                     /lib/x86_64-linux-gnu/libgcc_s.so.1
7f5efd1d8000-7f5efd1d9000 rw-p 00015000 08:0b 272534                     /lib/x86_64-linux-gnu/libgcc_s.so.1
7f5efd1d9000-7f5efd2de000 r-xp 00000000 08:0b 286301                     /lib/x86_64-linux-gnu/libm-2.19.so
7f5efd2de000-7f5efd4dd000 ---p 00105000 08:0b 286301                     /lib/x86_64-linux-gnu/libm-2.19.so
7f5efd4dd000-7f5efd4de000 r--p 00104000 08:0b 286301                     /lib/x86_64-linux-gnu/libm-2.19.so
7f5efd4de000-7f5efd4df000 rw-p 00105000 08:0b 286301                     /lib/x86_64-linux-gnu/libm-2.19.so
7f5efd4df000-7f5efd5c5000 r-xp 00000000 08:0b 12222                      /usr/lib/x86_64-linux-gnu/libstdc++.so.6.0.19
7f5efd5c5000-7f5efd7c4000 ---p 000e6000 08:0b 12222                      /usr/lib/x86_64-linux-gnu/libstdc++.so.6.0.19
7f5efd7c4000-7f5efd7cc000 r--p 000e5000 08:0b 12222                      /usr/lib/x86_64-linux-gnu/libstdc++.so.6.0.19
7f5efd7cc000-7f5efd7ce000 rw-p 000ed000 08:0b 12222                      /usr/lib/x86_64-linux-gnu/libstdc++.so.6.0.19
7f5efd7ce000-7f5efd7e3000 rw-p 00000000 00:00 0 
7f5efd7e3000-7f5efe2f9000 r-xp 00000000 08:0b 262692                     /usr/lib/jvm/java-7-openjdk-amd64/jre/lib/amd64/server/libjvm.so
7f5efe2f9000-7f5efe4f8000 ---p 00b16000 08:0b 262692                     /usr/lib/jvm/java-7-openjdk-amd64/jre/lib/amd64/server/libjvm.so
7f5efe4f8000-7f5efe592000 r--p 00b15000 08:0b 262692                     /usr/lib/jvm/java-7-openjdk-amd64/jre/lib/amd64/server/libjvm.so
7f5efe592000-7f5efe5b5000 rw-p 00baf000 08:0b 262692                     /usr/lib/jvm/java-7-openjdk-amd64/jre/lib/amd64/server/libjvm.so
7f5efe5b5000-7f5efe5e3000 rw-p 00000000 00:00 0 
7f5efe5e3000-7f5efe5fb000 r-xp 00000000 08:0b 266523                     /lib/x86_64-linux-gnu/libz.so.1.2.8
7f5efe5fb000-7f5efe7fa000 ---p 00018000 08:0b 266523                     /lib/x86_64-linux-gnu/libz.so.1.2.8
7f5efe7fa000-7f5efe7fb000 r--p 00017000 08:0b 266523                     /lib/x86_64-linux-gnu/libz.so.1.2.8
7f5efe7fb000-7f5efe7fc000 rw-p 00018000 08:0b 266523                     /lib/x86_64-linux-gnu/libz.so.1.2.8
7f5efe7fc000-7f5efe815000 r-xp 00000000 08:0b 286311                     /lib/x86_64-linux-gnu/libpthread-2.19.so
7f5efe815000-7f5efea14000 ---p 00019000 08:0b 286311                     /lib/x86_64-linux-gnu/libpthread-2.19.so
7f5efea14000-7f5efea15000 r--p 00018000 08:0b 286311                     /lib/x86_64-linux-gnu/libpthread-2.19.so
7f5efea15000-7f5efea16000 rw-p 00019000 08:0b 286311                     /lib/x86_64-linux-gnu/libpthread-2.19.so
7f5efea16000-7f5efea1a000 rw-p 00000000 00:00 0 
7f5efea1a000-7f5efea1d000 r-xp 00000000 08:0b 286310                     /lib/x86_64-linux-gnu/libdl-2.19.so
7f5efea1d000-7f5efec1c000 ---p 00003000 08:0b 286310                     /lib/x86_64-linux-gnu/libdl-2.19.so
7f5efec1c000-7f5efec1d000 r--p 00002000 08:0b 286310                     /lib/x86_64-linux-gnu/libdl-2.19.so
7f5efec1d000-7f5efec1e000 rw-p 00003000 08:0b 286310                     /lib/x86_64-linux-gnu/libdl-2.19.so
7f5efec1e000-7f5efedd9000 r-xp 00000000 08:0b 274234                     /lib/x86_64-linux-gnu/libc-2.19.so
7f5efedd9000-7f5efefd9000 ---p 001bb000 08:0b 274234                     /lib/x86_64-linux-gnu/libc-2.19.so
7f5efefd9000-7f5efefdd000 r--p 001bb000 08:0b 274234                     /lib/x86_64-linux-gnu/libc-2.19.so
7f5efefdd000-7f5efefdf000 rw-p 001bf000 08:0b 274234                     /lib/x86_64-linux-gnu/libc-2.19.so
7f5efefdf000-7f5efefe4000 rw-p 00000000 00:00 0 
7f5efefe4000-7f5efeff1000 r-xp 00000000 08:0b 262705                     /usr/lib/jvm/java-7-openjdk-amd64/jre/lib/amd64/jli/libjli.so
7f5efeff1000-7f5eff1f0000 ---p 0000d000 08:0b 262705                     /usr/lib/jvm/java-7-openjdk-amd64/jre/lib/amd64/jli/libjli.so
7f5eff1f0000-7f5eff1f1000 r--p 0000c000 08:0b 262705                     /usr/lib/jvm/java-7-openjdk-amd64/jre/lib/amd64/jli/libjli.so
7f5eff1f1000-7f5eff1f2000 rw-p 0000d000 08:0b 262705                     /usr/lib/jvm/java-7-openjdk-amd64/jre/lib/amd64/jli/libjli.so
7f5eff1f2000-7f5eff215000 r-xp 00000000 08:0b 286298                     /lib/x86_64-linux-gnu/ld-2.19.so
7f5eff219000-7f5eff23a000 rw-p 00000000 00:00 0 
7f5eff23a000-7f5eff2f0000 rw-p 00000000 00:00 0 
7f5eff2f0000-7f5eff2f3000 ---p 00000000 00:00 0 
7f5eff2f3000-7f5eff3f6000 rw-p 00000000 00:00 0                          [stack:4902]
7f5eff3f6000-7f5eff3f8000 r--s 00012000 08:0b 262669                     /usr/lib/jvm/java-7-openjdk-amd64/jre/lib/ext/zipfs.jar
7f5eff3f8000-7f5eff3fc000 r--s 00085000 08:0b 262671                     /usr/lib/jvm/java-7-openjdk-amd64/jre/lib/ext/localedata.jar
7f5eff3fc000-7f5eff3ff000 r--s 0000f000 08:0b 262666                     /usr/lib/jvm/java-7-openjdk-amd64/jre/lib/ext/pulse-java.jar
7f5eff3ff000-7f5eff401000 r--s 00006000 08:0b 292728                     /usr/share/java/java-atk-wrapper.jar
7f5eff401000-7f5eff404000 r--s 0003c000 08:0b 262668                     /usr/lib/jvm/java-7-openjdk-amd64/jre/lib/ext/sunpkcs11.jar
7f5eff404000-7f5eff407000 r--s 00032000 08:0b 262665                     /usr/lib/jvm/java-7-openjdk-amd64/jre/lib/ext/sunjce_provider.jar
7f5eff407000-7f5eff408000 r--s 00002000 08:0b 262670                     /usr/lib/jvm/java-7-openjdk-amd64/jre/lib/ext/dnsns.jar
7f5eff408000-7f5eff410000 rw-s 00000000 08:0b 1083                       /tmp/hsperfdata_hitesh/4901
7f5eff410000-7f5eff411000 rw-p 00000000 00:00 0 
7f5eff411000-7f5eff412000 r--p 00000000 00:00 0 
7f5eff412000-7f5eff414000 rw-p 00000000 00:00 0 
7f5eff414000-7f5eff415000 r--p 00022000 08:0b 286298                     /lib/x86_64-linux-gnu/ld-2.19.so
7f5eff415000-7f5eff416000 rw-p 00023000 08:0b 286298                     /lib/x86_64-linux-gnu/ld-2.19.so
7f5eff416000-7f5eff417000 rw-p 00000000 00:00 0 
7fff71302000-7fff71323000 rw-p 00000000 00:00 0                          [stack]
7fff71331000-7fff71333000 r-xp 00000000 00:00 0                          [vdso]
ffffffffff600000-ffffffffff601000 r-xp 00000000 00:00 0                  [vsyscall]
7f5eff411000-7f5eff412000 r--p 00000000 00:00 0 
7f5eff412000-7f5eff414000 rw-p 00000000 00:00 0 
7f5eff414000-7f5eff415000 r--p 00022000 08:0b 286298                     /lib/x86_64-linux-gnu/ld-2.19.so
7f5eff415000-7f5eff416000 rw-p 00023000 08:0b 286298                     /lib/x86_64-linux-gnu/ld-2.19.so
7f5eff416000-7f5eff417000 rw-p 00000000 00:00 0 
7fff71302000-7fff71323000 rw-p 00000000 00:00 0                          [stack]
7fff71331000-7fff71333000 r-xp 00000000 00:00 0                          [vdso]
ffffffffff600000-ffffffffff601000 r-xp 00000000 00:00 0                  [vsyscall]

VM Arguments:
jvm_args: -Dapplication.home=/usr/lib/jvm/java-7-openjdk-amd64 -Xms8m 
java_command: sun.applet.Main aditi.html
Launcher Type: SUN_STANDARD

Environment Variables:
PATH=/usr/local/sbin:/usr/local/bin:/usr/sbin:/usr/bin:/sbin:/bin:/usr/games:/usr/local/games
LD_LIBRARY_PATH=/usr/lib32
SHELL=/bin/bash
DISPLAY=:0

Signal Handlers:
SIGSEGV: [libjvm.so+0x949180], sa_mask[0]=0x7ffbfeff, sa_flags=0x10000004
SIGBUS: [libjvm.so+0x949180], sa_mask[0]=0x7ffbfeff, sa_flags=0x10000004
SIGFPE: [libjvm.so+0x7c2ec0], sa_mask[0]=0x7ffbfeff, sa_flags=0x10000004
SIGPIPE: [libjvm.so+0x7c2ec0], sa_mask[0]=0x7ffbfeff, sa_flags=0x10000004
SIGXFSZ: [libjvm.so+0x7c2ec0], sa_mask[0]=0x7ffbfeff, sa_flags=0x10000004
SIGILL: [libjvm.so+0x7c2ec0], sa_mask[0]=0x7ffbfeff, sa_flags=0x10000004
SIGUSR1: SIG_DFL, sa_mask[0]=0x00000000, sa_flags=0x00000000
SIGUSR2: [libjvm.so+0x7c2d60], sa_mask[0]=0x00000000, sa_flags=0x10000004
SIGHUP: [libjvm.so+0x7c2f40], sa_mask[0]=0x7ffbfeff, sa_flags=0x10000004
SIGINT: [libjvm.so+0x7c2f40], sa_mask[0]=0x7ffbfeff, sa_flags=0x10000004
SIGTERM: [libjvm.so+0x7c2f40], sa_mask[0]=0x7ffbfeff, sa_flags=0x10000004
SIGQUIT: [libjvm.so+0x7c2f40], sa_mask[0]=0x7ffbfeff, sa_flags=0x10000004
SIGTRAP: SIG_DFL, sa_mask[0]=0x00000000, sa_flags=0x00000000


---------------  S Y S T E M  ---------------

OS:Ubuntu 14.04 (trusty)
uname:Linux 3.13.0-37-generic #64-Ubuntu SMP Mon Sep 22 21:28:38 UTC 2014 x86_64
libc:glibc 2.19 NPTL 2.19 
rlimit: STACK 8192k, CORE 0k, NPROC 30643, NOFILE 4096, AS infinity
load average:0.31 0.13 0.14

/proc/meminfo:
MemTotal:        3943912 kB
MemFree:         2298912 kB
Buffers:          445752 kB
Cached:           610544 kB
SwapCached:            0 kB
Active:           401612 kB
Inactive:        1002768 kB
Active(anon):     184452 kB
Inactive(anon):   180988 kB
Active(file):     217160 kB
Inactive(file):   821780 kB
Unevictable:          32 kB
Mlocked:              32 kB
SwapTotal:       2929660 kB
SwapFree:        2929660 kB
Dirty:               260 kB
Writeback:             0 kB
AnonPages:        348056 kB
Mapped:           108388 kB
Shmem:             17428 kB
Slab:              89092 kB
SReclaimable:      57620 kB
SUnreclaim:        31472 kB
KernelStack:        3032 kB
PageTables:        16488 kB
NFS_Unstable:          0 kB
Bounce:                0 kB
WritebackTmp:          0 kB
CommitLimit:     4901616 kB
Committed_AS:    2298364 kB
VmallocTotal:   34359738367 kB
VmallocUsed:      567432 kB
VmallocChunk:   34359166452 kB
HardwareCorrupted:     0 kB
AnonHugePages:    278528 kB
HugePages_Total:       0
HugePages_Free:        0
HugePages_Rsvd:        0
HugePages_Surp:        0
Hugepagesize:       2048 kB
DirectMap4k:      129788 kB
DirectMap2M:     3960832 kB


CPU:total 4 (2 cores per cpu, 2 threads per core) family 6 model 58 stepping 9, cmov, cx8, fxsr, mmx, sse, sse2, sse3, ssse3, sse4.1, sse4.2, popcnt, avx, aes, erms, ht, tsc, tscinvbit, tscinv

/proc/cpuinfo:
processor	: 0
vendor_id	: GenuineIntel
cpu family	: 6
model		: 58
model name	: Intel(R) Core(TM) i5-3230M CPU @ 2.60GHz
stepping	: 9
microcode	: 0x17
cpu MHz		: 2601.000
cache size	: 3072 KB
physical id	: 0
siblings	: 4
core id		: 0
cpu cores	: 2
apicid		: 0
initial apicid	: 0
fpu		: yes
fpu_exception	: yes
cpuid level	: 13
wp		: yes
flags		: fpu vme de pse tsc msr pae mce cx8 apic sep mtrr pge mca cmov pat pse36 clflush dts acpi mmx fxsr sse sse2 ss ht tm pbe syscall nx rdtscp lm constant_tsc arch_perfmon pebs bts rep_good nopl xtopology nonstop_tsc aperfmperf eagerfpu pni pclmulqdq dtes64 monitor ds_cpl vmx est tm2 ssse3 cx16 xtpr pdcm pcid sse4_1 sse4_2 x2apic popcnt tsc_deadline_timer aes xsave avx f16c rdrand lahf_lm ida arat epb xsaveopt pln pts dtherm tpr_shadow vnmi flexpriority ept vpid fsgsbase smep erms
bogomips	: 5187.85
clflush size	: 64
cache_alignment	: 64
address sizes	: 36 bits physical, 48 bits virtual
power management:

processor	: 1
vendor_id	: GenuineIntel
cpu family	: 6
model		: 58
model name	: Intel(R) Core(TM) i5-3230M CPU @ 2.60GHz
stepping	: 9
microcode	: 0x17
cpu MHz		: 2601.000
cache size	: 3072 KB
physical id	: 0
siblings	: 4
core id		: 0
cpu cores	: 2
apicid		: 1
initial apicid	: 1
fpu		: yes
fpu_exception	: yes
cpuid level	: 13
wp		: yes
flags		: fpu vme de pse tsc msr pae mce cx8 apic sep mtrr pge mca cmov pat pse36 clflush dts acpi mmx fxsr sse sse2 ss ht tm pbe syscall nx rdtscp lm constant_tsc arch_perfmon pebs bts rep_good nopl xtopology nonstop_tsc aperfmperf eagerfpu pni pclmulqdq dtes64 monitor ds_cpl vmx est tm2 ssse3 cx16 xtpr pdcm pcid sse4_1 sse4_2 x2apic popcnt tsc_deadline_timer aes xsave avx f16c rdrand lahf_lm ida arat epb xsaveopt pln pts dtherm tpr_shadow vnmi flexpriority ept vpid fsgsbase smep erms
bogomips	: 5187.85
clflush size	: 64
cache_alignment	: 64
address sizes	: 36 bits physical, 48 bits virtual
power management:

processor	: 2
vendor_id	: GenuineIntel
cpu family	: 6
model		: 58
model name	: Intel(R) Core(TM) i5-3230M CPU @ 2.60GHz
stepping	: 9
microcode	: 0x17
cpu MHz		: 2601.000
cache size	: 3072 KB
physical id	: 0
siblings	: 4
core id		: 1
cpu cores	: 2
apicid		: 2
initial apicid	: 2
fpu		: yes
fpu_exception	: yes
cpuid level	: 13
wp		: yes
flags		: fpu vme de pse tsc msr pae mce cx8 apic sep mtrr pge mca cmov pat pse36 clflush dts acpi mmx fxsr sse sse2 ss ht tm pbe syscall nx rdtscp lm constant_tsc arch_perfmon pebs bts rep_good nopl xtopology nonstop_tsc aperfmperf eagerfpu pni pclmulqdq dtes64 monitor ds_cpl vmx est tm2 ssse3 cx16 xtpr pdcm pcid sse4_1 sse4_2 x2apic popcnt tsc_deadline_timer aes xsave avx f16c rdrand lahf_lm ida arat epb xsaveopt pln pts dtherm tpr_shadow vnmi flexpriority ept vpid fsgsbase smep erms
bogomips	: 5187.85
clflush size	: 64
cache_alignment	: 64
address sizes	: 36 bits physical, 48 bits virtual
power management:

processor	: 3
vendor_id	: GenuineIntel
cpu family	: 6
model		: 58
model name	: Intel(R) Core(TM) i5-3230M CPU @ 2.60GHz
stepping	: 9
microcode	: 0x17
cpu MHz		: 2601.000
cache size	: 3072 KB
physical id	: 0
siblings	: 4
core id		: 1
cpu cores	: 2
apicid		: 3
initial apicid	: 3
fpu		: yes
fpu_exception	: yes
cpuid level	: 13
wp		: yes
flags		: fpu vme de pse tsc msr pae mce cx8 apic sep mtrr pge mca cmov pat pse36 clflush dts acpi mmx fxsr sse sse2 ss ht tm pbe syscall nx rdtscp lm constant_tsc arch_perfmon pebs bts rep_good nopl xtopology nonstop_tsc aperfmperf eagerfpu pni pclmulqdq dtes64 monitor ds_cpl vmx est tm2 ssse3 cx16 xtpr pdcm pcid sse4_1 sse4_2 x2apic popcnt tsc_deadline_timer aes xsave avx f16c rdrand lahf_lm ida arat epb xsaveopt pln pts dtherm tpr_shadow vnmi flexpriority ept vpid fsgsbase smep erms
bogomips	: 5187.85
clflush size	: 64
cache_alignment	: 64
address sizes	: 36 bits physical, 48 bits virtual
power management:



Memory: 4k page, physical 3943912k(2298912k free), swap 2929660k(2929660k free)

vm_info: OpenJDK 64-Bit Server VM (24.65-b04) for linux-amd64 JRE (1.7.0_65-b32), built on Sep 10 2014 05:56:05 by "buildd" with gcc 4.8.2

time: Fri Oct 24 17:14:00 2014
elapsed time: 1122 seconds

